<?xml version="1.0" encoding="UTF-8"?>
<!-- Generated by org.testng.reporters.JUnitXMLReporter -->
<testsuite hostname="USHYDAMALBARI1" ignored="0" name="instances" tests="16" failures="0" timestamp="2020-10-24T19:35:06 IST" time="2.001" errors="0">
  <testcase name="@BeforeClass webdriverinitialize" time="1.769" classname="loginTest.LoginTest">
    <failure type="java.lang.NoSuchMethodError" message="com.google.common.collect.ImmutableList.toImmutableList()Ljava/util/stream/Collector;">
      <![CDATA[java.lang.NoSuchMethodError: com.google.common.collect.ImmutableList.toImmutableList()Ljava/util/stream/Collector;
at org.openqa.selenium.chrome.ChromeOptions.asMap(ChromeOptions.java:293)
at org.openqa.selenium.remote.NewSessionPayload.create(NewSessionPayload.java:104)
at org.openqa.selenium.remote.ProtocolHandshake.createSession(ProtocolHandshake.java:67)
at org.openqa.selenium.remote.HttpCommandExecutor.execute(HttpCommandExecutor.java:136)
at org.openqa.selenium.remote.service.DriverCommandExecutor.execute(DriverCommandExecutor.java:83)
at org.openqa.selenium.remote.RemoteWebDriver.execute(RemoteWebDriver.java:543)
at org.openqa.selenium.remote.RemoteWebDriver.startSession(RemoteWebDriver.java:207)
at org.openqa.selenium.remote.RemoteWebDriver.<init>(RemoteWebDriver.java:130)
at org.openqa.selenium.chrome.ChromeDriver.<init>(ChromeDriver.java:181)
at org.openqa.selenium.chrome.ChromeDriver.<init>(ChromeDriver.java:168)
at org.openqa.selenium.chrome.ChromeDriver.<init>(ChromeDriver.java:123)
at generalFunctionality.GeneralFunctionality.getDriver(GeneralFunctionality.java:46)
at loginTest.LoginTest.webdriverinitialize(LoginTest.java:42)
at java.util.concurrent.ThreadPoolExecutor.runWorker(Unknown Source)
at java.util.concurrent.ThreadPoolExecutor$Worker.run(Unknown Source)
at java.lang.Thread.run(Unknown Source)
... Removed 10 stack frames]]>
    </failure>
  </testcase> <!-- @BeforeClass webdriverinitialize -->
  <testcase name="@BeforeClass webdriverinitialize" time="-1.603548305694E9" classname="loginTest.LoginTest">
    <skipped/>
  </testcase> <!-- @BeforeClass webdriverinitialize -->
  <testcase name="@BeforeClass webdriverinitialize" time="-1.603548305699E9" classname="loginTest.LoginTest">
    <skipped/>
  </testcase> <!-- @BeforeClass webdriverinitialize -->
  <testcase name="@BeforeClass webdriverinitialize" time="-1.603548305702E9" classname="loginTest.LoginTest">
    <skipped/>
  </testcase> <!-- @BeforeClass webdriverinitialize -->
  <testcase name="@BeforeClass webdriverinitialize" time="-1.603548305707E9" classname="loginTest.LoginTest">
    <skipped/>
  </testcase> <!-- @BeforeClass webdriverinitialize -->
  <testcase name="@BeforeClass webdriverinitialize" time="-1.60354830571E9" classname="loginTest.LoginTest">
    <skipped/>
  </testcase> <!-- @BeforeClass webdriverinitialize -->
  <testcase name="@BeforeClass webdriverinitialize" time="-1.603548305712E9" classname="loginTest.LoginTest">
    <skipped/>
  </testcase> <!-- @BeforeClass webdriverinitialize -->
  <testcase name="@BeforeClass webdriverinitialize" time="-1.603548305715E9" classname="loginTest.LoginTest">
    <skipped/>
  </testcase> <!-- @BeforeClass webdriverinitialize -->
  <testcase name="@AfterClass DriverClose" time="-1.603548305723E9" classname="loginTest.LoginTest">
    <skipped/>
  </testcase> <!-- @AfterClass DriverClose -->
  <testcase name="@AfterClass DriverClose" time="-1.603548305725E9" classname="loginTest.LoginTest">
    <skipped/>
  </testcase> <!-- @AfterClass DriverClose -->
  <testcase name="@AfterClass DriverClose" time="-1.603548305727E9" classname="loginTest.LoginTest">
    <skipped/>
  </testcase> <!-- @AfterClass DriverClose -->
  <testcase name="@AfterClass DriverClose" time="-1.603548305729E9" classname="loginTest.LoginTest">
    <skipped/>
  </testcase> <!-- @AfterClass DriverClose -->
  <testcase name="@AfterClass DriverClose" time="-1.603548305745E9" classname="loginTest.LoginTest">
    <skipped/>
  </testcase> <!-- @AfterClass DriverClose -->
  <testcase name="@AfterClass DriverClose" time="-1.603548305748E9" classname="loginTest.LoginTest">
    <skipped/>
  </testcase> <!-- @AfterClass DriverClose -->
  <testcase name="@AfterClass DriverClose" time="-1.603548305753E9" classname="loginTest.LoginTest">
    <skipped/>
  </testcase> <!-- @AfterClass DriverClose -->
  <testcase name="@AfterClass DriverClose" time="-1.603548305761E9" classname="loginTest.LoginTest">
    <skipped/>
  </testcase> <!-- @AfterClass DriverClose -->
  <testcase name="login1" time="0.0" classname="loginTest.LoginTest">
    <skipped/>
  </testcase> <!-- login1 -->
  <testcase name="login1" time="0.0" classname="loginTest.LoginTest">
    <skipped/>
  </testcase> <!-- login1 -->
  <testcase name="login1" time="0.0" classname="loginTest.LoginTest">
    <skipped/>
  </testcase> <!-- login1 -->
  <testcase name="login1" time="0.0" classname="loginTest.LoginTest">
    <skipped/>
  </testcase> <!-- login1 -->
  <testcase name="login1" time="0.0" classname="loginTest.LoginTest">
    <skipped/>
  </testcase> <!-- login1 -->
  <testcase name="login1" time="0.0" classname="loginTest.LoginTest">
    <skipped/>
  </testcase> <!-- login1 -->
  <testcase name="login1" time="0.0" classname="loginTest.LoginTest">
    <skipped/>
  </testcase> <!-- login1 -->
  <testcase name="login1" time="0.0" classname="loginTest.LoginTest">
    <skipped/>
  </testcase> <!-- login1 -->
  <testcase name="logout" time="0.0" classname="loginTest.LoginTest">
    <skipped/>
  </testcase> <!-- logout -->
  <testcase name="logout" time="0.0" classname="loginTest.LoginTest">
    <skipped/>
  </testcase> <!-- logout -->
  <testcase name="logout" time="0.0" classname="loginTest.LoginTest">
    <skipped/>
  </testcase> <!-- logout -->
  <testcase name="logout" time="0.0" classname="loginTest.LoginTest">
    <skipped/>
  </testcase> <!-- logout -->
  <testcase name="logout" time="0.0" classname="loginTest.LoginTest">
    <skipped/>
  </testcase> <!-- logout -->
  <testcase name="logout" time="0.0" classname="loginTest.LoginTest">
    <skipped/>
  </testcase> <!-- logout -->
  <testcase name="logout" time="0.0" classname="loginTest.LoginTest">
    <skipped/>
  </testcase> <!-- logout -->
  <testcase name="logout" time="0.0" classname="loginTest.LoginTest">
    <skipped/>
  </testcase> <!-- logout -->
</testsuite> <!-- instances -->
